<?xml version="1.0" encoding="UTF-8"?>
<testsuites name="Sauce Demo" time="3.709" tests="2" failures="0" errors="0">
   <testsuite name="Sauce Demo" tests="2" failures="0" errors="0" time="3.709" skipped="0" timestamp="31-07-2025T14:36:51" hostname="Ridwan - 10.100.200.100" id="Test Suites/Sauce Demo">
      <properties>
         <property name="deviceName" value=""/>
         <property name="devicePlatform"/>
         <property name="logFolder" value="D:\\Ridwan\\Learn\\Katalon\\Git\\learnApiAndWebAutomationKatalon\\Reports\\20250731_143647\\Sauce Demo\\20250731_143648"/>
         <property name="logFiles" value="D:\\Ridwan\\Learn\\Katalon\\Git\\learnApiAndWebAutomationKatalon\\Reports\\20250731_143647\\Sauce Demo\\20250731_143648\\execution0.log"/>
         <property name="attachments" value=""/>
         <property name="hostName" value="Ridwan - 10.100.200.100"/>
         <property name="os" value="Windows 10 64bit"/>
         <property name="katalonVersion" value="9.5.0.217"/>
         <property name="browser" value="Chrome 138.0.0.0"/>
         <property name="hostAddress" value="10.100.200.100"/>
         <property name="sessionId" value="6fa505c83ba5be99bc0722bed2660d7f"/>
         <property name="seleniumVersion" value="3.141.59"/>
         <property name="proxyInformation" value="ProxyInformation { proxyOption=NO_PROXY, proxyServerType=HTTP, username=, password=********, proxyServerAddress=, proxyServerPort=0, executionList=&quot;&quot;, isApplyToDesiredCapabilities=true }"/>
         <property name="platform" value="Windows 10"/>
      </properties>
      <testcase name="Test Cases/Web/Login" time="3.244" classname="Test Cases/Web/Login" status="PASSED">
         <system-out><![CDATA[31-07-2025T14:36:52 - [TEST_CASE][PASSED] - Test Cases/Web/Login: Test Cases/Web/Login

31-07-2025T14:36:52 - [TEST_STEP][PASSED] - openBrowser(""): Browser is opened with url: ''

31-07-2025T14:36:52 - [MESSAGE][INFO] - Starting 'Chrome' driver

31-07-2025T14:36:52 - [MESSAGE][INFO] - User set preference: ['args', '[--start-maximized, --disable-save-password-bubble
, --disable-blink-features=AutomationControlled, --no-default-browser-check
, --disable-infobars
, --disable-notifications
, --disable-popup-blocking
, --incognito]']

31-07-2025T14:36:52 - [MESSAGE][INFO] - Action delay is set to 0 milliseconds

31-07-2025T14:36:54 - [MESSAGE][PASSED] - Browser is opened with url: ''

31-07-2025T14:36:54 - [TEST_STEP][PASSED] - navigateToUrl("https://www.saucedemo.com/"): Navigate to 'https://www.saucedemo.com/' successfully

31-07-2025T14:36:54 - [MESSAGE][PASSED] - Navigate to 'https://www.saucedemo.com/' successfully

31-07-2025T14:36:54 - [TEST_STEP][PASSED] - setText(findTestObject("Object Repository/Web/Page_Swag Labs/login Page/input_Swag Labs_user-name"), "standard_user"): Text 'standard_user' is set on object 'Object Repository/Web/Page_Swag Labs/login Page/input_Swag Labs_user-name'

31-07-2025T14:36:54 - [MESSAGE][PASSED] - Text 'standard_user' is set on object 'Object Repository/Web/Page_Swag Labs/login Page/input_Swag Labs_user-name'

31-07-2025T14:36:54 - [TEST_STEP][PASSED] - setEncryptedText(findTestObject("Object Repository/Web/Page_Swag Labs/login Page/input_Swag Labs_password"), "qcu24s4901FyWDTwXGr6XA=="): Text ****** has been set on object 'Object Repository/Web/Page_Swag Labs/login Page/input_Swag Labs_password'

31-07-2025T14:36:55 - [MESSAGE][PASSED] - Text ****** has been set on object 'Object Repository/Web/Page_Swag Labs/login Page/input_Swag Labs_password'

31-07-2025T14:36:55 - [TEST_STEP][PASSED] - click(findTestObject("Object Repository/Web/Page_Swag Labs/login Page/input_Swag Labs_login-button")): Object: 'Object Repository/Web/Page_Swag Labs/login Page/input_Swag Labs_login-button' is clicked on

31-07-2025T14:36:55 - [MESSAGE][PASSED] - Object: 'Object Repository/Web/Page_Swag Labs/login Page/input_Swag Labs_login-button' is clicked on

31-07-2025T14:36:55 - [TEST_STEP][PASSED] - verifyElementText(findTestObject("Object Repository/Web/Page_Swag Labs/Home Page/span_Products"), "Products"): Actual text and expected text of test object 'Object Repository/Web/Page_Swag Labs/Home Page/span_Products' are matched.

31-07-2025T14:36:55 - [MESSAGE][PASSED] - Actual text and expected text of test object 'Object Repository/Web/Page_Swag Labs/Home Page/span_Products' are matched.]]></system-out>
         <system-err><![CDATA[]]></system-err>
      </testcase>
      <testcase name="Test Cases/Web/Chart" time="0.315" classname="Test Cases/Web/Chart" status="PASSED">
         <system-out><![CDATA[31-07-2025T14:36:55 - [TEST_CASE][PASSED] - Test Cases/Web/Chart: Test Cases/Web/Chart

31-07-2025T14:36:55 - [TEST_STEP][PASSED] - click(findTestObject("Object Repository/Web/Page_Swag Labs/Home Page/button_Add to cart")): Object: 'Object Repository/Web/Page_Swag Labs/Home Page/button_Add to cart' is clicked on

31-07-2025T14:36:55 - [MESSAGE][PASSED] - Object: 'Object Repository/Web/Page_Swag Labs/Home Page/button_Add to cart' is clicked on

31-07-2025T14:36:55 - [TEST_STEP][PASSED] - verifyElementText(findTestObject("Object Repository/Web/Page_Swag Labs/Home Page/chart"), "1"): Actual text and expected text of test object 'Object Repository/Web/Page_Swag Labs/Home Page/chart' are matched.

31-07-2025T14:36:55 - [MESSAGE][PASSED] - Actual text and expected text of test object 'Object Repository/Web/Page_Swag Labs/Home Page/chart' are matched.

31-07-2025T14:36:55 - [TEST_STEP][PASSED] - click(findTestObject("Object Repository/Web/Page_Swag Labs/Home Page/chart")): Object: 'Object Repository/Web/Page_Swag Labs/Home Page/chart' is clicked on

31-07-2025T14:36:55 - [MESSAGE][PASSED] - Object: 'Object Repository/Web/Page_Swag Labs/Home Page/chart' is clicked on]]></system-out>
         <system-err><![CDATA[]]></system-err>
      </testcase>
      <system-out><![CDATA[31-07-2025T14:36:51 - [TEST_SUITE][PASSED] - Sauce Demo: Test Cases/Web/Chart]]></system-out>
      <system-err><![CDATA[]]></system-err>
   </testsuite>
</testsuites>
